#
# There is insufficient memory for the Java Runtime Environment to continue.
# Native memory allocation (mmap) failed to map 264241152 bytes. Error detail: G1 virtual space
# Possible reasons:
#   The system is out of physical RAM or swap space
#   This process is running with CompressedOops enabled, and the Java Heap may be blocking the growth of the native heap
# Possible solutions:
#   Reduce memory load on the system
#   Increase physical memory or swap space
#   Check if swap backing store is full
#   Decrease Java heap size (-Xmx/-Xms)
#   Decrease number of Java threads
#   Decrease Java thread stack sizes (-Xss)
#   Set larger code cache with -XX:ReservedCodeCacheSize=
#   JVM is running with Zero Based Compressed Oops mode in which the Java heap is
#     placed in the first 32GB address space. The Java Heap base address is the
#     maximum limit for the native heap growth. Please use -XX:HeapBaseMinAddress
#     to set the Java Heap base and to place the Java Heap above 32GB virtual address.
# This output file may be truncated or incomplete.
#
#  Out of Memory Error (os_windows.cpp:3828), pid=31692, tid=7280
#
# JRE version:  (21.0.5+8) (build )
# Java VM: OpenJDK 64-Bit Server VM (21.0.5+8-b631.16, mixed mode, sharing, tiered, compressed oops, compressed class ptrs, g1 gc, windows-amd64)
# No core dump will be written. Minidumps are not enabled by default on client versions of Windows
#

---------------  S U M M A R Y ------------

Command Line: git4idea.http.GitAskPassApp Username for 'https://gitlab.com': 

Host: 12th Gen Intel(R) Core(TM) i7-12650H, 16 cores, 15G,  Windows 11 , 64 bit Build 22621 (10.0.22621.4391)
Time: Sun Jan  5 22:41:15 2025 Middle East Standard Time elapsed time: 0.087957 seconds (0d 0h 0m 0s)

---------------  T H R E A D  ---------------

Current thread (0x00000136ccbef650):  JavaThread "Unknown thread" [_thread_in_vm, id=7280, stack(0x0000000da5500000,0x0000000da5600000) (1024K)]

Stack: [0x0000000da5500000,0x0000000da5600000]
Native frames: (J=compiled Java code, j=interpreted, Vv=VM code, C=native code)
V  [jvm.dll+0x6e52b9]
V  [jvm.dll+0x8c3633]
V  [jvm.dll+0x8c5b8e]
V  [jvm.dll+0x8c6273]
V  [jvm.dll+0x288f46]
V  [jvm.dll+0x6e1a35]
V  [jvm.dll+0x6d5e3a]
V  [jvm.dll+0x3634bb]
V  [jvm.dll+0x36b086]
V  [jvm.dll+0x3bd346]
V  [jvm.dll+0x3bd618]
V  [jvm.dll+0x335c2c]
V  [jvm.dll+0x33691b]
V  [jvm.dll+0x88aa89]
V  [jvm.dll+0x3ca518]
V  [jvm.dll+0x873b98]
V  [jvm.dll+0x45eede]
V  [jvm.dll+0x460bc1]
C  [jli.dll+0x52ab]
C  [ucrtbase.dll+0x29333]
C  [KERNEL32.DLL+0x1259d]
C  [ntdll.dll+0x5af38]


---------------  P R O C E S S  ---------------

Threads class SMR info:
_java_thread_list=0x00007fff2406a148, length=0, elements={
}

Java Threads: ( => current thread )
Total: 0

Other Threads:
  0x00000136ccc53130 WorkerThread "GC Thread#0"                     [id=14748, stack(0x0000000da5600000,0x0000000da5700000) (1024K)]
  0x00000136ccc63c60 ConcurrentGCThread "G1 Main Marker"            [id=16716, stack(0x0000000da5700000,0x0000000da5800000) (1024K)]
  0x00000136ccc64760 WorkerThread "G1 Conc#0"                       [id=2504, stack(0x0000000da5800000,0x0000000da5900000) (1024K)]

[error occurred during error reporting (printing all threads), id 0xc0000005, EXCEPTION_ACCESS_VIOLATION (0xc0000005) at pc=0x00007fff23758ce7]
VM state: not at safepoint (not fully initialized)

VM Mutex/Monitor currently owned by a thread:  ([mutex/lock_event])
[0x00007fff240deb30] Heap_lock - owner thread: 0x00000136ccbef650

Heap address: 0x0000000704a00000, size: 4022 MB, Compressed Oops mode: Zero based, Oop shift amount: 3

CDS archive(s) mapped at: [0x0000000000000000-0x0000000000000000-0x0000000000000000), size 0, SharedBaseAddress: 0x0000000800000000, ArchiveRelocationMode: 1.
Narrow klass base: 0x0000000000000000, Narrow klass shift: 0, Narrow klass range: 0x0

GC Precious Log:
 CardTable entry size: 512
 Card Set container configuration: InlinePtr #cards 4 size 8 Array Of Cards #cards 16 size 48 Howl #buckets 8 coarsen threshold 3686 Howl Bitmap #cards 512 size 80 coarsen threshold 460 Card regions per heap region 1 cards per card region 4096

Heap:
 garbage-first heap   total 0K, used 0K [0x0000000704a00000, 0x0000000800000000)
  region size 2048K, 0 young (0K), 0 survivors (0K)
 Metaspace       used 0K, committed 0K, reserved 0K
  class space    used 0K, committed 0K, reserved 0K

Heap Regions: E=young(eden), S=young(survivor), O=old, HS=humongous(starts), HC=humongous(continues), CS=collection set, F=free, TAMS=top-at-mark-start, PB=parsable bottom

Card table byte_map: [0x00000136e0be0000,0x00000136e13c0000] _byte_map_base: 0x00000136dd3bb000

Marking Bits: (CMBitMap*) 0x00000136ccc53830
 Bits: [0x00000136e13c0000, 0x00000136e5298000)

GC Heap History (0 events):
No events

Dll operation events (1 events):
Event: 0.076 Loaded shared library C:\Program Files\JetBrains\PhpStorm 2023.3.4\jbr\bin\java.dll

Deoptimization events (0 events):
No events

Classes loaded (0 events):
No events

Classes unloaded (0 events):
No events

Classes redefined (0 events):
No events

Internal exceptions (0 events):
No events

ZGC Phase Switch (0 events):
No events

VM Operations (0 events):
No events

Memory protections (0 events):
No events

Nmethod flushes (0 events):
No events

Events (0 events):
No events


Dynamic libraries:
0x00007ff793b10000 - 0x00007ff793b1a000 	C:\Program Files\JetBrains\PhpStorm 2023.3.4\jbr\bin\java.exe
0x00007fff72050000 - 0x00007fff72267000 	C:\Windows\SYSTEM32\ntdll.dll
0x00007fff70d60000 - 0x00007fff70e24000 	C:\Windows\System32\KERNEL32.DLL
0x00007fff6f870000 - 0x00007fff6fc2a000 	C:\Windows\System32\KERNELBASE.dll
0x00007fff6f400000 - 0x00007fff6f511000 	C:\Windows\System32\ucrtbase.dll
0x00007fff5a060000 - 0x00007fff5a078000 	C:\Program Files\JetBrains\PhpStorm 2023.3.4\jbr\bin\jli.dll
0x00007fff67bf0000 - 0x00007fff67c0b000 	C:\Program Files\JetBrains\PhpStorm 2023.3.4\jbr\bin\VCRUNTIME140.dll
0x00007fff70ee0000 - 0x00007fff7108e000 	C:\Windows\System32\USER32.dll
0x00007fff6fd00000 - 0x00007fff6fd26000 	C:\Windows\System32\win32u.dll
0x00007fff71150000 - 0x00007fff71179000 	C:\Windows\System32\GDI32.dll
0x00007fff6f520000 - 0x00007fff6f63b000 	C:\Windows\System32\gdi32full.dll
0x00007fff5a760000 - 0x00007fff5a9f2000 	C:\Windows\WinSxS\amd64_microsoft.windows.common-controls_6595b64144ccf1df_6.0.22621.4541_none_2710d1c57384c085\COMCTL32.dll
0x00007fff6fc30000 - 0x00007fff6fcca000 	C:\Windows\System32\msvcp_win.dll
0x00007fff71090000 - 0x00007fff71137000 	C:\Windows\System32\msvcrt.dll
0x00007fff6ffc0000 - 0x00007fff6fff1000 	C:\Windows\System32\IMM32.DLL
0x00007fff67be0000 - 0x00007fff67bec000 	C:\Program Files\JetBrains\PhpStorm 2023.3.4\jbr\bin\vcruntime140_1.dll
0x00007fff2cd80000 - 0x00007fff2ce0d000 	C:\Program Files\JetBrains\PhpStorm 2023.3.4\jbr\bin\msvcp140.dll
0x00007fff23410000 - 0x00007fff241d1000 	C:\Program Files\JetBrains\PhpStorm 2023.3.4\jbr\bin\server\jvm.dll
0x00007fff71d90000 - 0x00007fff71e42000 	C:\Windows\System32\ADVAPI32.dll
0x00007fff71c30000 - 0x00007fff71cd7000 	C:\Windows\System32\sechost.dll
0x00007fff6fcd0000 - 0x00007fff6fcf8000 	C:\Windows\System32\bcrypt.dll
0x00007fff6fea0000 - 0x00007fff6ffb4000 	C:\Windows\System32\RPCRT4.dll
0x00007fff70000000 - 0x00007fff70071000 	C:\Windows\System32\WS2_32.dll
0x00007fff6e150000 - 0x00007fff6e19d000 	C:\Windows\SYSTEM32\POWRPROF.dll
0x00007fff628e0000 - 0x00007fff62914000 	C:\Windows\SYSTEM32\WINMM.dll
0x00007fff650b0000 - 0x00007fff650ba000 	C:\Windows\SYSTEM32\VERSION.dll
0x00007fff6e130000 - 0x00007fff6e143000 	C:\Windows\SYSTEM32\UMPDC.dll
0x00007fff6e3f0000 - 0x00007fff6e408000 	C:\Windows\SYSTEM32\kernel.appcore.dll
0x00007fff67840000 - 0x00007fff6784a000 	C:\Program Files\JetBrains\PhpStorm 2023.3.4\jbr\bin\jimage.dll
0x00007fff6c920000 - 0x00007fff6cb52000 	C:\Windows\SYSTEM32\DBGHELP.DLL
0x00007fff70230000 - 0x00007fff705bf000 	C:\Windows\System32\combase.dll
0x00007fff70aa0000 - 0x00007fff70b77000 	C:\Windows\System32\OLEAUT32.dll
0x00007fff64470000 - 0x00007fff644a2000 	C:\Windows\SYSTEM32\dbgcore.DLL
0x00007fff6f300000 - 0x00007fff6f37b000 	C:\Windows\System32\bcryptPrimitives.dll
0x00007fff67730000 - 0x00007fff67750000 	C:\Program Files\JetBrains\PhpStorm 2023.3.4\jbr\bin\java.dll

dbghelp: loaded successfully - version: 4.0.5 - missing functions: none
symbol engine: initialized successfully - sym options: 0x614 - pdb path: .;C:\Program Files\JetBrains\PhpStorm 2023.3.4\jbr\bin;C:\Windows\SYSTEM32;C:\Windows\WinSxS\amd64_microsoft.windows.common-controls_6595b64144ccf1df_6.0.22621.4541_none_2710d1c57384c085;C:\Program Files\JetBrains\PhpStorm 2023.3.4\jbr\bin\server

VM Arguments:
java_command: git4idea.http.GitAskPassApp Username for 'https://gitlab.com': 
java_class_path (initial): C:/Program Files/JetBrains/PhpStorm 2023.3.4/plugins/vcs-git/lib/git4idea-rt.jar;C:/Program Files/JetBrains/PhpStorm 2023.3.4/lib/externalProcess-rt.jar
Launcher Type: SUN_STANDARD

[Global flags]
     intx CICompilerCount                          = 12                                        {product} {ergonomic}
     uint ConcGCThreads                            = 3                                         {product} {ergonomic}
     uint G1ConcRefinementThreads                  = 13                                        {product} {ergonomic}
   size_t G1HeapRegionSize                         = 2097152                                   {product} {ergonomic}
    uintx GCDrainStackTargetSize                   = 64                                        {product} {ergonomic}
   size_t InitialHeapSize                          = 264241152                                 {product} {ergonomic}
   size_t MarkStackSize                            = 4194304                                   {product} {ergonomic}
   size_t MaxHeapSize                              = 4217372672                                {product} {ergonomic}
   size_t MinHeapDeltaBytes                        = 2097152                                   {product} {ergonomic}
   size_t MinHeapSize                              = 8388608                                   {product} {ergonomic}
    uintx NonNMethodCodeHeapSize                   = 7602480                                {pd product} {ergonomic}
    uintx NonProfiledCodeHeapSize                  = 122027880                              {pd product} {ergonomic}
    uintx ProfiledCodeHeapSize                     = 122027880                              {pd product} {ergonomic}
    uintx ReservedCodeCacheSize                    = 251658240                              {pd product} {ergonomic}
     bool SegmentedCodeCache                       = true                                      {product} {ergonomic}
   size_t SoftMaxHeapSize                          = 4217372672                             {manageable} {ergonomic}
     bool UseCompressedOops                        = true                           {product lp64_product} {ergonomic}
     bool UseG1GC                                  = true                                      {product} {ergonomic}
     bool UseLargePagesIndividualAllocation        = false                                  {pd product} {ergonomic}

Logging:
Log output configuration:
 #0: stdout all=warning uptime,level,tags foldmultilines=false
 #1: stderr all=off uptime,level,tags foldmultilines=false

Environment Variables:
JAVA_HOME=C:\Users\MSI\.jdks\openjdk-23
PATH=C:/Program Files/Git/mingw64/libexec/git-core;C:/Program Files/Git/mingw64/libexec/git-core;C:\Program Files\Git\mingw64\bin;C:\Program Files\Git\usr\bin;C:\Users\MSI\bin;C:\Program Files (x86)\VMware\VMware Workstation\bin\;C:\Python312\Scripts\;C:\Python312\;C:\Windows\system32;C:\Windows;C:\Windows\System32\Wbem;C:\Windows\System32\WindowsPowerShell\v1.0\;C:\Windows\System32\OpenSSH\;C:\Program Files\Java\jdk-23\bin;C:\ProgramData\ComposerSetup\bin;C:\ProgramData\chocolatey\bin;C:\Program Files\Docker\Docker\resources\bin;C:\Program Files (x86)\NVIDIA Corporation\PhysX\Common;C:\Program Files\nodejs\;C:\Program Files (x86)\Yarn\bin\;C:\xampp\php;C:\wamp64\bin\php\php7.0.33;C:\wamp64\bin\php\php7.1.33;C:\wamp64\bin\php\php7.2.34;C:\wamp64\bin\php\php7.4.33;C:\wamp64\bin\php\php8.0.30;C:\Gradle\gradle-8.10.2\bin;C:\Program Files\Common Files\Oracle\Java\javapath;C:\Program Files (x86)\Common Files\Oracle\Java\java8path;C:\Program Files (x86)\Common Files\Oracle\Java\javapath;C:\Program Files\dotnet\;C:\Program Files (x86)\Windows Kits\10\Windows Performance Toolkit\;C:\Program Files\Microsoft Visual Studio\2022\Professional\Common7\IDE\CommonExtensions\Microsoft\CMake\CMake\bin;C:\msys64\mingw64\bin;C:\Program Files\Tesseract-OCR\;C:\Program Files\NVIDIA Corporation\NVIDIA app\NvDLISR;C:\Program Files\Git\cmd;C:\Program Files\PuTTY\;C:\Users\MSI\AppData\Local\Programs\Python\Python313\Scripts\;C:\Users\MSI\AppData\Local\Programs\Python\Python313\;C:\Users\MSI\AppData\Local\pnpm;C:\Users\MSI\AppData\Local\Microsoft\WindowsApps;C:\Users\MSI\AppData\Roaming\Composer\vendor\bin;C:\Users\MSI\AppData\Roaming\npm;C:\Users\MSI\AppData\Local\Yarn\bin;C:\flutter\bin;C:\Users\MSI\.dotnet\tools;C:\Users\MSI\AppData\Local\Pandoc\
USERNAME=MSI
DISPLAY=:0.0
LC_ALL=en_US.UTF-8
TERM=xterm-256color
TMPDIR=C:\Users\MSI\AppData\Local\Temp
OS=Windows_NT
PROCESSOR_IDENTIFIER=Intel64 Family 6 Model 154 Stepping 3, GenuineIntel
TMP=C:\Users\MSI\AppData\Local\Temp
TEMP=C:\Users\MSI\AppData\Local\Temp




Periodic native trim disabled

JNI global refs:
JNI global refs: 0, weak refs: 0

JNI global refs memory usage: 0, weak refs: 0

Process memory usage:
Resident Set Size: 11836K (0% of 16471208K total physical memory with 407676K free physical memory)

OOME stack traces (most recent first):
Classloader memory used:

---------------  S Y S T E M  ---------------

OS:
 Windows 11 , 64 bit Build 22621 (10.0.22621.4391)
OS uptime: 3 days 13:04 hours
Hyper-V role detected

CPU: total 16 (initial active 16) (8 cores per cpu, 2 threads per core) family 6 model 154 stepping 3 microcode 0x424, cx8, cmov, fxsr, ht, mmx, 3dnowpref, sse, sse2, sse3, ssse3, sse4.1, sse4.2, popcnt, lzcnt, tsc, tscinvbit, avx, avx2, aes, erms, clmul, bmi1, bmi2, adx, sha, fma, vzeroupper, clflush, clflushopt, clwb, hv, serialize, rdtscp, rdpid, fsrm, f16c, cet_ibt, cet_ss
Processor Information for processor 0
  Max Mhz: 2300, Current Mhz: 2300, Mhz Limit: 2300
Processor Information for processor 1
  Max Mhz: 2300, Current Mhz: 2300, Mhz Limit: 2300
Processor Information for processor 2
  Max Mhz: 2300, Current Mhz: 2300, Mhz Limit: 2300
Processor Information for processor 3
  Max Mhz: 2300, Current Mhz: 2300, Mhz Limit: 2300
Processor Information for processor 4
  Max Mhz: 2300, Current Mhz: 2300, Mhz Limit: 2300
Processor Information for processor 5
  Max Mhz: 2300, Current Mhz: 2300, Mhz Limit: 2300
Processor Information for processor 6
  Max Mhz: 2300, Current Mhz: 2300, Mhz Limit: 2300
Processor Information for processor 7
  Max Mhz: 2300, Current Mhz: 2300, Mhz Limit: 2300
Processor Information for processor 8
  Max Mhz: 2300, Current Mhz: 2300, Mhz Limit: 2300
Processor Information for processor 9
  Max Mhz: 2300, Current Mhz: 2300, Mhz Limit: 2300
Processor Information for processor 10
  Max Mhz: 2300, Current Mhz: 2300, Mhz Limit: 2300
Processor Information for processor 11
  Max Mhz: 2300, Current Mhz: 2300, Mhz Limit: 2300
Processor Information for processor 12
  Max Mhz: 2300, Current Mhz: 1488, Mhz Limit: 2300
Processor Information for processor 13
  Max Mhz: 2300, Current Mhz: 1488, Mhz Limit: 2300
Processor Information for processor 14
  Max Mhz: 2300, Current Mhz: 1488, Mhz Limit: 2300
Processor Information for processor 15
  Max Mhz: 2300, Current Mhz: 1488, Mhz Limit: 2300

Memory: 4k page, system-wide physical 16085M (398M free)
TotalPageFile size 53342M (AvailPageFile size 18M)
current process WorkingSet (physical memory assigned to process): 11M, peak: 11M
current process commit charge ("private bytes"): 70M, peak: 322M

vm_info: OpenJDK 64-Bit Server VM (21.0.5+8-b631.16) for windows-amd64 JRE (21.0.5+8-b631.16), built on 2024-11-02 by "builduser" with MS VC++ 16.10 / 16.11 (VS2019)

END.
